<?xml version="1.0" encoding="UTF-8"?>
<testsuite xmlns:xsi="http://www.w3.org/2001/XMLSchema-instance" xsi:noNamespaceSchemaLocation="https://maven.apache.org/surefire/maven-surefire-plugin/xsd/surefire-test-report-3.0.xsd" version="3.0" name="domain.entities.text.TextTest" time="0.116" tests="4" errors="0" skipped="0" failures="0">
  <properties>
[...]
</properties>
  <testcase name="textToString" classname="domain.entities.text.TextTest" time="0.089">
    <system-out><![CDATA[2f197c72-facf-4d63-b30a-e6b23812319d : null
]]></system-out>
  </testcase>
  <testcase name="textSetId" classname="domain.entities.text.TextTest" time="0.004">
    <system-out><![CDATA[77b54010-caa9-4284-8351-36867086bbde
]]></system-out>
  </testcase>
  <testcase name="testCreateTest" classname="domain.entities.text.TextTest" time="0.001"/>
  <testcase name="textSetValue" classname="domain.entities.text.TextTest" time="0.001">
    <system-out><![CDATA[1cdb32c3-2ad1-4bac-827b-be85b813b9ed : 
1cdb32c3-2ad1-4bac-827b-be85b813b9ed : Il était un petit ange nommé Nathan
]]></system-out>
  </testcase>
</testsuite>